[2024-05-20T19:49:42.879Z] >>> [apiv2][query] GET https://serviceusage.googleapis.com/v1/projects/gburroughs-test-project/services/firebaseapphosting.googleapis.com [none]
[2024-05-20T19:49:42.880Z] >>> [apiv2][(partial)header] GET https://serviceusage.googleapis.com/v1/projects/gburroughs-test-project/services/firebaseapphosting.googleapis.com x-goog-quota-user=projects/gburroughs-test-project
[2024-05-20T19:49:43.402Z] <<< [apiv2][status] GET https://serviceusage.googleapis.com/v1/projects/gburroughs-test-project/services/firebaseapphosting.googleapis.com 200
[2024-05-20T19:49:43.403Z] <<< [apiv2][body] GET https://serviceusage.googleapis.com/v1/projects/gburroughs-test-project/services/firebaseapphosting.googleapis.com [omitted]
[2024-05-20T19:49:43.403Z] >>> [apiv2][query] GET https://mobilesdk-pa.googleapis.com/v1/accessmanagement/tos:getStatus [none]
[2024-05-20T19:49:43.602Z] <<< [apiv2][status] GET https://mobilesdk-pa.googleapis.com/v1/accessmanagement/tos:getStatus 200
[2024-05-20T19:49:43.603Z] <<< [apiv2][body] GET https://mobilesdk-pa.googleapis.com/v1/accessmanagement/tos:getStatus {"overallStatus":"ACCEPTED","uTosStatus":{"tos":{"id":"firebase","tosId":"FIREBASE_UNIVERSAL"},"status":"ACCEPTED"},"childTosStatus":[{"tos":{"id":"cloud","tosId":"CLOUD_PLATFORM"},"status":"ACCEPTED"},{"tos":{"id":"firebase_b2b","tosId":"FIREBASE_B2B"},"status":"ACCEPTED"},{"tos":{"id":"universal","tosId":"GOOGLE_APIS"},"status":"ACCEPTED"}],"termsUrl":"https://firebase.google.com/terms","perServiceStatus":[{"tosId":"APP_CHECK","serviceStatus":{"tos":{"id":"app_check","tosId":"APP_CHECK"},"status":"ACCEPTED"}},{"tosId":"APP_HOSTING_TOS","serviceStatus":{"tos":{"id":"app_hosting","tosId":"APP_HOSTING_TOS"},"status":"ACCEPTED"}},{"tosId":"APP_HOSTING_TOS","serviceStatus":{"tos":{"id":"app_hosting","tosId":"APP_HOSTING_TOS"},"status":"ACCEPTED"}},{"tosId":"FIREBASE_CRASHLYTICS_APP_DISTRIBUTION","serviceStatus":{"tos":{"id":"firebase_crashlytics_app_distribution","tosId":"FIREBASE_CRASHLYTICS_APP_DISTRIBUTION"},"status":"ACCEPTED"}},{"tosId":"FIREBASE_DATA_CONNECT","serviceStatus":{"tos":{"id":"data_connect","tosId":"FIREBASE_DATA_CONNECT"},"status":"ACCEPTED"}}]}
[2024-05-20T19:49:43.605Z] >>> [apiv2][query] GET https://serviceusage.googleapis.com/v1/projects/gburroughs-test-project/services/developerconnect.googleapis.com [none]
[2024-05-20T19:49:43.605Z] >>> [apiv2][(partial)header] GET https://serviceusage.googleapis.com/v1/projects/gburroughs-test-project/services/developerconnect.googleapis.com x-goog-quota-user=projects/gburroughs-test-project
[2024-05-20T19:49:43.606Z] >>> [apiv2][query] GET https://serviceusage.googleapis.com/v1/projects/gburroughs-test-project/services/cloudbuild.googleapis.com [none]
[2024-05-20T19:49:43.607Z] >>> [apiv2][(partial)header] GET https://serviceusage.googleapis.com/v1/projects/gburroughs-test-project/services/cloudbuild.googleapis.com x-goog-quota-user=projects/gburroughs-test-project
[2024-05-20T19:49:43.610Z] >>> [apiv2][query] GET https://serviceusage.googleapis.com/v1/projects/gburroughs-test-project/services/secretmanager.googleapis.com [none]
[2024-05-20T19:49:43.610Z] >>> [apiv2][(partial)header] GET https://serviceusage.googleapis.com/v1/projects/gburroughs-test-project/services/secretmanager.googleapis.com x-goog-quota-user=projects/gburroughs-test-project
[2024-05-20T19:49:43.612Z] >>> [apiv2][query] GET https://serviceusage.googleapis.com/v1/projects/gburroughs-test-project/services/run.googleapis.com [none]
[2024-05-20T19:49:43.612Z] >>> [apiv2][(partial)header] GET https://serviceusage.googleapis.com/v1/projects/gburroughs-test-project/services/run.googleapis.com x-goog-quota-user=projects/gburroughs-test-project
[2024-05-20T19:49:43.614Z] >>> [apiv2][query] GET https://serviceusage.googleapis.com/v1/projects/gburroughs-test-project/services/artifactregistry.googleapis.com [none]
[2024-05-20T19:49:43.614Z] >>> [apiv2][(partial)header] GET https://serviceusage.googleapis.com/v1/projects/gburroughs-test-project/services/artifactregistry.googleapis.com x-goog-quota-user=projects/gburroughs-test-project
[2024-05-20T19:49:43.615Z] >>> [apiv2][query] GET https://serviceusage.googleapis.com/v1/projects/gburroughs-test-project/services/iam.googleapis.com [none]
[2024-05-20T19:49:43.615Z] >>> [apiv2][(partial)header] GET https://serviceusage.googleapis.com/v1/projects/gburroughs-test-project/services/iam.googleapis.com x-goog-quota-user=projects/gburroughs-test-project
[2024-05-20T19:49:44.010Z] <<< [apiv2][status] GET https://serviceusage.googleapis.com/v1/projects/gburroughs-test-project/services/iam.googleapis.com 200
[2024-05-20T19:49:44.011Z] <<< [apiv2][body] GET https://serviceusage.googleapis.com/v1/projects/gburroughs-test-project/services/iam.googleapis.com [omitted]
[2024-05-20T19:49:44.012Z] <<< [apiv2][status] GET https://serviceusage.googleapis.com/v1/projects/gburroughs-test-project/services/secretmanager.googleapis.com 200
[2024-05-20T19:49:44.012Z] <<< [apiv2][body] GET https://serviceusage.googleapis.com/v1/projects/gburroughs-test-project/services/secretmanager.googleapis.com [omitted]
[2024-05-20T19:49:44.024Z] <<< [apiv2][status] GET https://serviceusage.googleapis.com/v1/projects/gburroughs-test-project/services/run.googleapis.com 200
[2024-05-20T19:49:44.024Z] <<< [apiv2][body] GET https://serviceusage.googleapis.com/v1/projects/gburroughs-test-project/services/run.googleapis.com [omitted]
[2024-05-20T19:49:44.029Z] <<< [apiv2][status] GET https://serviceusage.googleapis.com/v1/projects/gburroughs-test-project/services/cloudbuild.googleapis.com 200
[2024-05-20T19:49:44.030Z] <<< [apiv2][body] GET https://serviceusage.googleapis.com/v1/projects/gburroughs-test-project/services/cloudbuild.googleapis.com [omitted]
[2024-05-20T19:49:44.030Z] <<< [apiv2][status] GET https://serviceusage.googleapis.com/v1/projects/gburroughs-test-project/services/developerconnect.googleapis.com 200
[2024-05-20T19:49:44.030Z] <<< [apiv2][body] GET https://serviceusage.googleapis.com/v1/projects/gburroughs-test-project/services/developerconnect.googleapis.com [omitted]
[2024-05-20T19:49:44.122Z] <<< [apiv2][status] GET https://serviceusage.googleapis.com/v1/projects/gburroughs-test-project/services/artifactregistry.googleapis.com 200
[2024-05-20T19:49:44.123Z] <<< [apiv2][body] GET https://serviceusage.googleapis.com/v1/projects/gburroughs-test-project/services/artifactregistry.googleapis.com [omitted]
[2024-05-20T19:49:44.124Z] >>> [apiv2][query] POST https://iam.googleapis.com/v1/projects/gburroughs-test-project/serviceAccounts/firebase-app-hosting-compute@gburroughs-test-project.iam.gserviceaccount.com:testIamPermissions [none]
[2024-05-20T19:49:44.124Z] >>> [apiv2][(partial)header] POST https://iam.googleapis.com/v1/projects/gburroughs-test-project/serviceAccounts/firebase-app-hosting-compute@gburroughs-test-project.iam.gserviceaccount.com:testIamPermissions x-goog-quota-user=projects/gburroughs-test-project
[2024-05-20T19:49:44.124Z] >>> [apiv2][body] POST https://iam.googleapis.com/v1/projects/gburroughs-test-project/serviceAccounts/firebase-app-hosting-compute@gburroughs-test-project.iam.gserviceaccount.com:testIamPermissions {"permissions":["iam.serviceAccounts.actAs"]}
[2024-05-20T19:49:44.414Z] <<< [apiv2][status] POST https://iam.googleapis.com/v1/projects/gburroughs-test-project/serviceAccounts/firebase-app-hosting-compute@gburroughs-test-project.iam.gserviceaccount.com:testIamPermissions 200
[2024-05-20T19:49:44.414Z] <<< [apiv2][body] POST https://iam.googleapis.com/v1/projects/gburroughs-test-project/serviceAccounts/firebase-app-hosting-compute@gburroughs-test-project.iam.gserviceaccount.com:testIamPermissions {}
[2024-05-20T19:49:44.415Z] >>> [apiv2][query] GET https://firebaseapphosting.googleapis.com/v1alpha/projects/gburroughs-test-project/locations 
[2024-05-20T19:49:44.761Z] <<< [apiv2][status] GET https://firebaseapphosting.googleapis.com/v1alpha/projects/gburroughs-test-project/locations 200
[2024-05-20T19:49:44.762Z] <<< [apiv2][body] GET https://firebaseapphosting.googleapis.com/v1alpha/projects/gburroughs-test-project/locations {"locations":[{"name":"projects/gburroughs-test-project/locations/us-central1","locationId":"us-central1"}]}
i  === Import a GitHub repository 
[2024-05-20T19:49:44.763Z] >>> [apiv2][query] GET https://developerconnect.googleapis.com/v1/projects/gburroughs-test-project/locations/us-central1/connections/apphosting-github-oauth [none]
[2024-05-20T19:49:45.118Z] <<< [apiv2][status] GET https://developerconnect.googleapis.com/v1/projects/gburroughs-test-project/locations/us-central1/connections/apphosting-github-oauth 404
[2024-05-20T19:49:45.119Z] <<< [apiv2][body] GET https://developerconnect.googleapis.com/v1/projects/gburroughs-test-project/locations/us-central1/connections/apphosting-github-oauth {"error":{"code":404,"message":"Resource 'projects/gburroughs-test-project/locations/us-central1/connections/apphosting-github-oauth' was not found","status":"NOT_FOUND","details":[{"@type":"type.googleapis.com/google.rpc.DebugInfo","stackEntries":["cloud/control2/shared/userfriendly/userfriendly.go:1034 +0x25 google3/cloud/control2/shared/userfriendly/userfriendly.DebugInfoWithMessage({0xc002831a60, 0x1d})","cloud/control2/shared/userfriendly/userfriendly.go:1029 +0x2b google3/cloud/control2/shared/userfriendly/userfriendly.debugInfoWithError({0x5583ec56e0d8?, 0xc00397e020?})","cloud/control2/shared/userfriendly/userfriendly.go:465 +0xc5 google3/cloud/control2/shared/userfriendly/userfriendly.NotFound({0x5583ec6a50e8, 0xc00ee55710}, {0x5583e0134f4a, 0x10}, {0xc011977a40, 0x5a}, {0x5583ec56e0d8, 0xc00397e020})","cloud/control2/frontend/userfriendly/userfriendly_store.go:64 +0x3f2 google3/cloud/control2/frontend/userfriendly/userfriendlystore.ResourceErrorToUserFriendly({0x5583ec6a50e8, 0xc00ee55710}, 0xc01203d980, {0x5583ec56e0d8, 0xc00397e020})","cloud/control2/frontend/handler/readonly.go:232 +0x195f google3/cloud/control2/frontend/handler/handler.Handler.handleGet({{{0x5583ec6ac070, 0xc003e0eb00}, {0x0, 0x0}}, {{0xc0074a4250, 0x1, 0x1}, 0xc00807d740, 0xc0074a4240, {0x5583ec6b4e80, ...}, ...}, ...}, ...)","cloud/control2/frontend/handler/handler.go:323 +0xb09 google3/cloud/control2/frontend/handler/handler.Handler.HandleRequest({{{0x5583ec6ac070, 0xc003e0eb00}, {0x0, 0x0}}, {{0xc0074a4250, 0x1, 0x1}, 0xc00807d740, 0xc0074a4240, {0x5583ec6b4e80, ...}, ...}, ...}, ...)","cloud/control2/frontend/server/request_handler.go:111 +0x550 google3/cloud/control2/frontend/server/requesthandler.(*Handler).handleRequestWithFullMethodName(0xc00604b770, {0x5583ec6a50e8, 0xc015e4d920}, 0xc011d09940, 0xc00b9245b8, 0xc011122960, {0xc00be271a0?, 0xc011123f80?})","cloud/control2/frontend/server/request_handler.go:84 +0x51f google3/cloud/control2/frontend/server/requesthandler.(*Handler).handleRequest(0xc00604b770, {0x5583ec6a50e8, 0xc015e4d920}, 0xc00b9245b8, 0xc011122960)","cloud/control2/frontend/server/request_handler.go:53 +0x25 google3/cloud/control2/frontend/server/requesthandler.(*Handler).handle(0xc00f6f3340?, {0x5583ec6a50e8, 0xc015e4d920}, 0x5583ea6a79e0?, 0xc009b70101?)","cloud/control2/shared/genericrpc/service.go:165 +0x405 google3/cloud/control2/shared/genericrpc/genericrpc.(*Dispatcher).DefaultMethodHandler(0xc00773e810, {0x5583ec6a50e8, 0xc015e4d920}, 0xc00b9245b8)","net/rpc/go/stream.go:1026 +0x43 google3/net/rpc/go/rpc.runStreamHandler({0x5583ec6a50e8?, 0xc015e4d920?}, 0xc00b9245b8?, {0x0?, 0x0?}, {0x5583ec6b3ef0, 0xc0130848c0})","net/goa/rpc/rpchandler.go:100 +0x4e4 google3/net/goa/rpc/rpchandler.ExecHandlerSubset({0x5583ec6a50e8?, 0xc00a7f0540?}, 0xc00f6f3900)","net/goa/rpc/rpchandler.go:324 +0x9c7 google3/net/goa/rpc/rpchandler.(*closedRegistry).hook(0xc00c3e4700, {0x5583ec6a5350, 0xc006fa61e0}, 0xc012a47dc0)"],"detail":"not found: resource not found"},{"@type":"type.googleapis.com/google.rpc.ResourceInfo","resourceName":"projects/gburroughs-test-project/locations/us-central1/connections/apphosting-github-oauth"}]}}
[2024-05-20T19:49:45.121Z] >>> [apiv2][query] GET https://firebase.googleapis.com/v1beta1/projects/gburroughs-test-project [none]
[2024-05-20T19:49:45.496Z] <<< [apiv2][status] GET https://firebase.googleapis.com/v1beta1/projects/gburroughs-test-project 200
[2024-05-20T19:49:45.496Z] <<< [apiv2][body] GET https://firebase.googleapis.com/v1beta1/projects/gburroughs-test-project {"projectId":"gburroughs-test-project","projectNumber":"441292311745","displayName":"gburroughs-test-project","name":"projects/gburroughs-test-project","resources":{"hostingSite":"gburroughs-test-project"},"state":"ACTIVE","etag":"1_3399cae5-3522-4696-8a56-5ee65df87cad"}
[2024-05-20T19:49:45.497Z] >>> [apiv2][query] POST https://cloudresourcemanager.googleapis.com/v1/projects/gburroughs-test-project:getIamPolicy [none]
[2024-05-20T19:49:45.759Z] <<< [apiv2][status] POST https://cloudresourcemanager.googleapis.com/v1/projects/gburroughs-test-project:getIamPolicy 200
[2024-05-20T19:49:45.759Z] <<< [apiv2][body] POST https://cloudresourcemanager.googleapis.com/v1/projects/gburroughs-test-project:getIamPolicy {"version":1,"etag":"BwYY5840wqc=","bindings":[{"role":"roles/cloudbuild.builds.builder","members":["serviceAccount:441292311745@cloudbuild.gserviceaccount.com"]},{"role":"roles/cloudbuild.serviceAgent","members":["serviceAccount:service-441292311745@gcp-sa-cloudbuild.iam.gserviceaccount.com"]},{"role":"roles/containerregistry.ServiceAgent","members":["serviceAccount:service-441292311745@containerregistry.iam.gserviceaccount.com"]},{"role":"roles/firebase.managementServiceAgent","members":["serviceAccount:firebase-service-account@firebase-sa-management.iam.gserviceaccount.com","serviceAccount:service-441292311745@gcp-sa-firebase.iam.gserviceaccount.com"]},{"role":"roles/firebase.sdkAdminServiceAgent","members":["serviceAccount:firebase-adminsdk-qo0eb@gburroughs-test-project.iam.gserviceaccount.com"]},{"role":"roles/iam.serviceAccountTokenCreator","members":["serviceAccount:firebase-adminsdk-qo0eb@gburroughs-test-project.iam.gserviceaccount.com"]},{"role":"roles/owner","members":["user:bkend@google.com","user:blidd@google.com","user:gburroughs@google.com"]},{"role":"roles/run.serviceAgent","members":["serviceAccount:service-441292311745@serverless-robot-prod.iam.gserviceaccount.com"]}]}
i  To create a new GitHub connection, Secret Manager Admin role (roles/secretmanager.admin) is required on the Developer Connect Service Agent. 
? Grant the required role to the Developer Connect Service Agent? (Y/n) [72D[72C[2K[G? Grant the required role to the Developer Connect Service Agent? (Y/n) y[73D[73C[2K[G? Grant the required role to the Developer Connect Service Agent? Yes[69D[69C
[2024-05-20T19:49:52.860Z] >>> [apiv2][query] POST https://cloudresourcemanager.googleapis.com/v1/projects/gburroughs-test-project:getIamPolicy [none]
[2024-05-20T19:49:53.228Z] <<< [apiv2][status] POST https://cloudresourcemanager.googleapis.com/v1/projects/gburroughs-test-project:getIamPolicy 200
[2024-05-20T19:49:53.228Z] <<< [apiv2][body] POST https://cloudresourcemanager.googleapis.com/v1/projects/gburroughs-test-project:getIamPolicy {"version":1,"etag":"BwYY5840wqc=","bindings":[{"role":"roles/cloudbuild.builds.builder","members":["serviceAccount:441292311745@cloudbuild.gserviceaccount.com"]},{"role":"roles/cloudbuild.serviceAgent","members":["serviceAccount:service-441292311745@gcp-sa-cloudbuild.iam.gserviceaccount.com"]},{"role":"roles/containerregistry.ServiceAgent","members":["serviceAccount:service-441292311745@containerregistry.iam.gserviceaccount.com"]},{"role":"roles/firebase.managementServiceAgent","members":["serviceAccount:firebase-service-account@firebase-sa-management.iam.gserviceaccount.com","serviceAccount:service-441292311745@gcp-sa-firebase.iam.gserviceaccount.com"]},{"role":"roles/firebase.sdkAdminServiceAgent","members":["serviceAccount:firebase-adminsdk-qo0eb@gburroughs-test-project.iam.gserviceaccount.com"]},{"role":"roles/iam.serviceAccountTokenCreator","members":["serviceAccount:firebase-adminsdk-qo0eb@gburroughs-test-project.iam.gserviceaccount.com"]},{"role":"roles/owner","members":["user:bkend@google.com","user:blidd@google.com","user:gburroughs@google.com"]},{"role":"roles/run.serviceAgent","members":["serviceAccount:service-441292311745@serverless-robot-prod.iam.gserviceaccount.com"]}]}
[2024-05-20T19:49:53.229Z] >>> [apiv2][query] POST https://cloudresourcemanager.googleapis.com/v1/projects/gburroughs-test-project:setIamPolicy [none]
[2024-05-20T19:49:53.230Z] >>> [apiv2][body] POST https://cloudresourcemanager.googleapis.com/v1/projects/gburroughs-test-project:setIamPolicy {"policy":{"version":1,"etag":"BwYY5840wqc=","bindings":[{"role":"roles/cloudbuild.builds.builder","members":["serviceAccount:441292311745@cloudbuild.gserviceaccount.com"]},{"role":"roles/cloudbuild.serviceAgent","members":["serviceAccount:service-441292311745@gcp-sa-cloudbuild.iam.gserviceaccount.com"]},{"role":"roles/containerregistry.ServiceAgent","members":["serviceAccount:service-441292311745@containerregistry.iam.gserviceaccount.com"]},{"role":"roles/firebase.managementServiceAgent","members":["serviceAccount:firebase-service-account@firebase-sa-management.iam.gserviceaccount.com","serviceAccount:service-441292311745@gcp-sa-firebase.iam.gserviceaccount.com"]},{"role":"roles/firebase.sdkAdminServiceAgent","members":["serviceAccount:firebase-adminsdk-qo0eb@gburroughs-test-project.iam.gserviceaccount.com"]},{"role":"roles/iam.serviceAccountTokenCreator","members":["serviceAccount:firebase-adminsdk-qo0eb@gburroughs-test-project.iam.gserviceaccount.com"]},{"role":"roles/owner","members":["user:bkend@google.com","user:blidd@google.com","user:gburroughs@google.com"]},{"role":"roles/run.serviceAgent","members":["serviceAccount:service-441292311745@serverless-robot-prod.iam.gserviceaccount.com"]},{"role":"roles/secretmanager.admin","members":["serviceAccount:service-441292311745@gcp-sa-devconnect.iam.gserviceaccount.com"]}]},"updateMask":"bindings"}
[2024-05-20T19:49:53.943Z] <<< [apiv2][status] POST https://cloudresourcemanager.googleapis.com/v1/projects/gburroughs-test-project:setIamPolicy 403
[2024-05-20T19:49:53.943Z] <<< [apiv2][body] POST https://cloudresourcemanager.googleapis.com/v1/projects/gburroughs-test-project:setIamPolicy {"error":{"code":403,"message":"Policy update access denied.","status":"PERMISSION_DENIED","details":[{"@type":"type.googleapis.com/google.rpc.DebugInfo","detail":"[ORIGINAL ERROR] generic::permission_denied: Policy update access denied.\ncom.google.apps.framework.request.StatusException: <eye3 title='PERMISSION_DENIED'/> generic::PERMISSION_DENIED: Policy update access denied. [google.rpc.error_details_ext] { code: 7 message: \"Policy update access denied.\" }"}]}}

Error: HTTP Error: 403, Policy update access denied.
[2024-05-20T19:49:53.947Z] Error Context: {
  "body": {
    "error": {
      "code": 403,
      "message": "Policy update access denied.",
      "status": "PERMISSION_DENIED",
      "details": [
        {
          "@type": "type.googleapis.com/google.rpc.DebugInfo",
          "detail": "[ORIGINAL ERROR] generic::permission_denied: Policy update access denied.\ncom.google.apps.framework.request.StatusException: <eye3 title='PERMISSION_DENIED'/> generic::PERMISSION_DENIED: Policy update access denied. [google.rpc.error_details_ext] { code: 7 message: \"Policy update access denied.\" }"
        }
      ]
    }
  },
  "response": {
    "statusCode": 403
  }
}
